<?xml version="1.0" encoding="UTF-8"?>
<!-- Generated by org.testng.reporters.JUnitReportReporter -->
<testsuite hostname="User" failures="0" tests="2" name="test.RegistrationFunctionalityTest" time="18.157" errors="0" timestamp="2021-05-01T11:23:52 EDT" skipped="0">
  <testcase classname="test.RegistrationFunctionalityTest" name="positiveRegistrationFunctionalityTest" time="9.411"/>
  <system-out/>
  <testcase classname="test.RegistrationFunctionalityTest" name="positiveRegistrationFunctionalityTest" time="8.746"/>
  <system-out/>
</testsuite> <!-- test.RegistrationFunctionalityTest -->
