<?xml version="1.0" encoding="UTF-8"?>
<!-- Generated by org.testng.reporters.JUnitReportReporter -->
<testsuite hostname="User" failures="0" tests="2" name="test.LoginFunctionalityTest" time="14.495" errors="0" timestamp="2021-05-01T11:23:52 EDT" skipped="0">
  <testcase classname="test.LoginFunctionalityTest" name="positiveLoginTest" time="6.919"/>
  <system-out/>
  <testcase classname="test.LoginFunctionalityTest" name="positiveLoginTest" time="7.576"/>
  <system-out/>
</testsuite> <!-- test.LoginFunctionalityTest -->
