<?xml version="1.0" encoding="UTF-8"?>
<!-- Generated by org.testng.reporters.JUnitReportReporter -->
<testsuite hostname="User" failures="0" tests="1" name="test.HomePageLinkTest" time="10.818" errors="0" timestamp="2021-05-01T11:23:52 EDT" skipped="0">
  <testcase classname="test.HomePageLinkTest" name="registerLinkTest" time="10.818"/>
  <system-out/>
</testsuite> <!-- test.HomePageLinkTest -->
